<?xml version="1.0" encoding="UTF-8"?>
<testng-results skipped="0" failed="0" ignored="0" total="0" passed="0">
  <reporter-output>
  </reporter-output>
  <suite name="RestAssuredAPI.RestAssuredAPI.AppTest" duration-ms="8" started-at="2023-04-17T09:02:59Z" finished-at="2023-04-17T09:02:59Z">
    <groups>
    </groups>
    <test name="Command line test" duration-ms="8" started-at="2023-04-17T09:02:59Z" finished-at="2023-04-17T09:02:59Z">
    </test> <!-- Command line test -->
  </suite> <!-- RestAssuredAPI.RestAssuredAPI.AppTest -->
</testng-results>
